This is XeTeX, Version 3.1415926-2.2-0.9997.4 (TeX Live 2010) (format=xelatex 2011.8.17)  1 MAR 2012 14:05
entering extended mode
 restricted \write18 enabled.
 %&-line parsing enabled.
**august_源码.tex
(./august_源码.tex
LaTeX2e <2009/09/24>
Babel <v3.8l> and hyphenation patterns for english, dumylang, nohyphenation, ge
rman-x-2009-06-19, ngerman-x-2009-06-19, ancientgreek, ibycus, arabic, armenian
, basque, bulgarian, catalan, pinyin, coptic, croatian, czech, danish, dutch, u
kenglish, usenglishmax, esperanto, estonian, farsi, finnish, french, galician, 
german, ngerman, swissgerman, monogreek, greek, hungarian, icelandic, assamese,
 bengali, gujarati, hindi, kannada, malayalam, marathi, oriya, panjabi, tamil, 
telugu, indonesian, interlingua, irish, italian, kurmanji, lao, latin, latvian,
 lithuanian, mongolian, mongolianlmc, bokmal, nynorsk, polish, portuguese, roma
nian, russian, sanskrit, serbian, slovak, slovenian, spanish, swedish, turkish,
 turkmen, ukrainian, uppersorbian, welsh, loaded.
(/home/asenal/RD/Tex/article_template.tex
(/usr/share/texmf/tex/latex/base/article.cls
Document Class: article 2007/10/19 v1.4h Standard LaTeX document class
(/usr/share/texmf/tex/latex/base/size10.clo
File: size10.clo 2007/10/19 v1.4h Standard LaTeX file (size option)
)
\c@part=\count80
\c@section=\count81
\c@subsection=\count82
\c@subsubsection=\count83
\c@paragraph=\count84
\c@subparagraph=\count85
\c@figure=\count86
\c@table=\count87
\abovecaptionskip=\skip41
\belowcaptionskip=\skip42
\bibindent=\dimen102
)
(/usr/share/texmf/tex/latex/amsmath/amsmath.sty
Package: amsmath 2000/07/18 v2.13 AMS math features
\@mathmargin=\skip43

For additional information on amsmath, use the `?' option.
(/usr/share/texmf/tex/latex/amsmath/amstext.sty
Package: amstext 2000/06/29 v2.01

(/usr/share/texmf/tex/latex/amsmath/amsgen.sty
File: amsgen.sty 1999/11/30 v2.0
\@emptytoks=\toks14
\ex@=\dimen103
))
(/usr/share/texmf/tex/latex/amsmath/amsbsy.sty
Package: amsbsy 1999/11/29 v1.2d
\pmbraise@=\dimen104
)
(/usr/share/texmf/tex/latex/amsmath/amsopn.sty
Package: amsopn 1999/12/14 v2.01 operator names
)
\inf@bad=\count88
LaTeX Info: Redefining \frac on input line 211.
\uproot@=\count89
\leftroot@=\count90
LaTeX Info: Redefining \overline on input line 307.
\classnum@=\count91
\DOTSCASE@=\count92
LaTeX Info: Redefining \ldots on input line 379.
LaTeX Info: Redefining \dots on input line 382.
LaTeX Info: Redefining \cdots on input line 467.
\Mathstrutbox@=\box26
\strutbox@=\box27
\big@size=\dimen105
LaTeX Font Info:    Redeclaring font encoding OML on input line 567.
LaTeX Font Info:    Redeclaring font encoding OMS on input line 568.
\macc@depth=\count93
\c@MaxMatrixCols=\count94
\dotsspace@=\muskip10
\c@parentequation=\count95
\dspbrk@lvl=\count96
\tag@help=\toks15
\row@=\count97
\column@=\count98
\maxfields@=\count99
\andhelp@=\toks16
\eqnshift@=\dimen106
\alignsep@=\dimen107
\tagshift@=\dimen108
\tagwidth@=\dimen109
\totwidth@=\dimen110
\lineht@=\dimen111
\@envbody=\toks17
\multlinegap=\skip44
\multlinetaggap=\skip45
\mathdisplay@stack=\toks18
LaTeX Info: Redefining \[ on input line 2666.
LaTeX Info: Redefining \] on input line 2667.
)
(/usr/share/texmf/tex/latex/xcolor/xcolor.sty
Package: xcolor 2007/01/21 v2.11 LaTeX color extensions (UK)

(/usr/share/texmf/tex/latex/latexconfig/color.cfg
File: color.cfg 2007/01/18 v1.5 color configuration of teTeX/TeXLive
)
Package xcolor Info: Driver file: xetex.def on input line 225.

(/usr/share/texmf/tex/xelatex/xetex-def/xetex.def
File: xetex.def 2009/11/22 v0.94 LaTeX color/graphics driver for XeTeX (RRM/JK)

)
Package xcolor Info: Model `cmy' substituted by `cmy0' on input line 1337.
Package xcolor Info: Model `RGB' extended on input line 1353.
Package xcolor Info: Model `HTML' substituted by `rgb' on input line 1355.
Package xcolor Info: Model `Hsb' substituted by `hsb' on input line 1356.
Package xcolor Info: Model `tHsb' substituted by `hsb' on input line 1357.
Package xcolor Info: Model `HSB' substituted by `hsb' on input line 1358.
Package xcolor Info: Model `Gray' substituted by `gray' on input line 1359.
Package xcolor Info: Model `wave' substituted by `hsb' on input line 1360.

(/usr/share/texmf/tex/latex/xcolor/svgnam.def
File: svgnam.def 2007/01/21 v2.11 Predefined colors according to SVG 1.1 (UK)
))
(/usr/share/texmf/tex/latex/graphics/graphicx.sty
Package: graphicx 1999/02/16 v1.0f Enhanced LaTeX Graphics (DPC,SPQR)

(/usr/share/texmf/tex/latex/graphics/keyval.sty
Package: keyval 1999/03/16 v1.13 key=value parser (DPC)
\KV@toks@=\toks19
)
(/usr/share/texmf/tex/latex/graphics/graphics.sty
Package: graphics 2009/02/05 v1.0o Standard LaTeX Graphics (DPC,SPQR)

(/usr/share/texmf/tex/latex/graphics/trig.sty
Package: trig 1999/03/16 v1.09 sin cos tan (DPC)
)
(/usr/share/texmf/tex/latex/latexconfig/graphics.cfg
File: graphics.cfg 2010/04/23 v1.9 graphics configuration of TeX Live
)
Package graphics Info: Driver file: xetex.def on input line 91.
)
\Gin@req@height=\dimen112
\Gin@req@width=\dimen113
)
(/usr/share/texmf/tex/latex/listings/listings.sty
\lst@mode=\count100
\lst@gtempboxa=\box28
\lst@token=\toks20
\lst@length=\count101
\lst@currlwidth=\dimen114
\lst@column=\count102
\lst@pos=\count103
\lst@lostspace=\dimen115
\lst@width=\dimen116
\lst@newlines=\count104
\lst@lineno=\count105
\lst@maxwidth=\dimen117

(/usr/share/texmf/tex/latex/listings/lstmisc.sty
File: lstmisc.sty 2007/02/22 1.4 (Carsten Heinz)
\c@lstnumber=\count106
\lst@skipnumbers=\count107
\lst@framebox=\box29
)
(/usr/share/texmf/tex/latex/listings/listings.cfg
File: listings.cfg 2007/02/22 1.4 listings configuration
))
Package: listings 2007/02/22 1.4 (Carsten Heinz)

(/usr/share/texmf/tex/xelatex/xecjk/xeCJK.sty
Package: xeCJK 2010/05/31 2.3.15 package for typesetting CJK scripts with XeLaT
eX

(/usr/share/texmf/tex/generic/ifxetex/ifxetex.sty
Package: ifxetex 2009/01/23 v0.5 Provides ifxetex conditional
)
(/usr/share/texmf/tex/latex/fontspec/fontspec.sty
Package: fontspec 2010/07/14 v2.0b Advanced font selection for XeLaTeX/LuaLaTeX


(/usr/share/texmf/tex/latex/expl3/expl3.sty
(/usr/share/texmf/tex/latex/expl3/l3names.sty
Package: l3names 2010/07/11 v1981 L3 Experimental Naming Scheme for TeX Primiti
ves
)
Package: expl3 2010/07/13 v1982 L3 Experimental code bundle wrapper

(/usr/share/texmf/tex/latex/etex-pkg/etex.sty
Package: etex 1998/03/26 v2.0 eTeX basic definition package (PEB)
\et@xins=\count108
)
(/usr/share/texmf/tex/latex/expl3/l3basics.sty
Package: l3basics 2010/06/07 v1942 L3 Experimental basic definitions
)
(/usr/share/texmf/tex/latex/expl3/l3expan.sty
Package: l3expan 2010/06/10 v1948 L3 Experimental Argument Expansion module
)
(/usr/share/texmf/tex/latex/expl3/l3tl.sty
Package: l3tl 2010/05/22 v1919 L3 Experimental Token Lists
)
(/usr/share/texmf/tex/latex/expl3/l3intexpr.sty
Package: l3intexpr 2010/06/15 v1957 L3 Integer Expressions
)
(/usr/share/texmf/tex/latex/expl3/l3quark.sty
Package: l3quark 2010/03/21 v1853 L3 Experimental Quark Commands
)
(/usr/share/texmf/tex/latex/expl3/l3seq.sty
Package: l3seq 2010/03/29 v1879 L3 Experimental sequences and stacks
)
(/usr/share/texmf/tex/latex/expl3/l3toks.sty
Package: l3toks 2010/05/25 v1933 L3 Experimental Token Registers
\l_tmpb_toks=\toks21
\l_tmpc_toks=\toks22
\g_tmpa_toks=\toks23
\g_tmpb_toks=\toks24
\g_tmpc_toks=\toks25
\c_empty_toks=\toks26
\l_tl_replace_toks=\toks27
)
(/usr/share/texmf/tex/latex/expl3/l3int.sty
Package: l3int 2010/05/25 v1933 L3 Experimental Integer module
\l_tmpa_int=\count109
\l_tmpb_int=\count110
\l_tmpc_int=\count111
\g_tmpa_int=\count112
\g_tmpb_int=\count113
\c_max_int=\count114
\g_tl_inline_level_int=\count115
)
(/usr/share/texmf/tex/latex/expl3/l3prg.sty
Package: l3prg 2010/03/21 v1853 L3 Experimental control structures
\g_prg_inline_level_int=\count116
)
(/usr/share/texmf/tex/latex/expl3/l3clist.sty
Package: l3clist 2010/03/29 v1878 L3 Experimental comma separated lists
\g_clist_inline_level_int=\count117
)
(/usr/share/texmf/tex/latex/expl3/l3token.sty
Package: l3token 2010/04/11 v1890 L3 Experimental token investigation and manip
ulation
)
(/usr/share/texmf/tex/latex/expl3/l3prop.sty
Package: l3prop 2010/03/21 v1857 L3 Experimental Property Lists
\g_prop_inline_level_int=\count118
)
(/usr/share/texmf/tex/latex/expl3/l3msg.sty
Package: l3msg 2010/03/23 v1866 L3 Experimental LaTeX Messages module
\l_msg_redirect_classes_prop=\toks28
\l_msg_redirect_names_prop=\toks29
\l_msg_redirect_fatal_prop=\toks30
\l_msg_redirect_error_prop=\toks31
\l_msg_redirect_warning_prop=\toks32
\l_msg_redirect_info_prop=\toks33
\l_msg_redirect_log_prop=\toks34
\l_msg_redirect_trace_prop=\toks35
\l_msg_redirect_none_prop=\toks36
)
(/usr/share/texmf/tex/latex/expl3/l3io.sty
Package: l3io 2010/05/22 v1923 L3 Experimental i/o module
\g_iow_streams_prop=\toks37
\g_ior_streams_prop=\toks38
\l_iow_stream_int=\count119
)
(/usr/share/texmf/tex/latex/expl3/l3skip.sty
Package: l3skip 2010/05/25 v1933 L3 Experimental skip registers
\l_tmpa_skip=\skip46
\l_tmpb_skip=\skip47
\l_tmpc_skip=\skip48
\g_tmpa_skip=\skip49
\g_tmpb_skip=\skip50
\l_tmpa_dim=\dimen118
\l_tmpb_dim=\dimen119
\l_tmpc_dim=\dimen120
\l_tmpd_dim=\dimen121
\g_tmpa_dim=\dimen122
\g_tmpb_dim=\dimen123
)
(/usr/share/texmf/tex/latex/expl3/l3box.sty
Package: l3box 2010/05/22 v1919 L3 Experimental Box module
\l_tmpb_box=\box30
)
(/usr/share/texmf/tex/latex/expl3/l3keyval.sty
Package: l3keyval 2010/04/11 v1890 L3 Experimental keyval processing
\l_KV_level_int=\count120
)
(/usr/share/texmf/tex/latex/expl3/l3keys.sty
Package: l3keys 2010/05/24 v1931 L3 Experimental key-value support
\l_keys_choice_int=\count121
)
(/usr/share/texmf/tex/latex/expl3/l3precom.sty
Package: l3precom 2010/02/09 v1793 L3 Experimental precompilation module
\g_gen_sym_int=\count122
\g_ggen_sym_int=\count123
)
(/usr/share/texmf/tex/latex/expl3/l3xref.sty
Package: l3xref 2010/02/09 v1786 L3 Experimental cross referencing
\g_xref_all_curr_immediate_fields_prop=\toks39
\g_xref_all_curr_deferred_fields_prop=\toks40
)
(/usr/share/texmf/tex/latex/expl3/l3file.sty
Package: l3file 2010/03/21 v1853 L3 Experimental file loading
)
(/usr/share/texmf/tex/latex/expl3/l3fp.sty
Package: l3fp 2010/07/08 v1979 L3 Experimental floating-point operations
\l_fp_input_a_integer_int=\count124
\l_fp_input_a_decimal_int=\count125
\l_fp_input_b_integer_int=\count126
\l_fp_input_b_decimal_int=\count127
\l_fp_input_a_sign_int=\count128
\l_fp_input_b_sign_int=\count129
\l_fp_split_sign_int=\count130
\l_fp_mul_a_i_int=\count131
\l_fp_mul_a_ii_int=\count132
\l_fp_mul_a_iii_int=\count133
\l_fp_mul_a_iv_int=\count134
\l_fp_mul_a_v_int=\count135
\l_fp_mul_a_vi_int=\count136
\l_fp_mul_b_i_int=\count137
\l_fp_mul_b_ii_int=\count138
\l_fp_mul_b_iii_int=\count139
\l_fp_mul_b_iv_int=\count140
\l_fp_mul_b_v_int=\count141
\l_fp_mul_b_vi_int=\count142
\l_fp_mul_output_int=\count143
\l_fp_div_count_int=\count144
\l_fp_div_offset_int=\count145
\l_fp_output_sign_int=\count146
\l_fp_output_integer_int=\count147
\l_fp_output_decimal_int=\count148
\l_fp_round_discard_int=\count149
\l_fp_round_position_int=\count150
\l_fp_tmp_int=\count151
\c_one_hundred_million=\count152
\c_one_thousand_million=\count153
\l_fp_tmp_dim=\dimen124
\l_fp_round_precision_int=\count154
)
(/usr/share/texmf/tex/latex/tools/calc.sty
Package: calc 2007/08/22 v4.3 Infix arithmetic (KKT,FJ)
\calc@Acount=\count155
\calc@Bcount=\count156
\calc@Adimen=\dimen125
\calc@Bdimen=\dimen126
\calc@Askip=\skip51
\calc@Bskip=\skip52
LaTeX Info: Redefining \setlength on input line 76.
LaTeX Info: Redefining \addtolength on input line 77.
\calc@Ccount=\count157
\calc@Cskip=\skip53
))
(/usr/share/texmf/tex/latex/xpackages/xbase/xparse.sty
Package: xparse 2010/05/23 v1927 Generic document command parser
\c_xparse_shorthands_prop=\toks41
\l_xparse_m_args_int=\count158
\l_xparse_mandatory_args_int=\count159
\l_xparse_processor_int=\count160
\l_xparse_total_args_int=\count161
)
(/usr/share/texmf/tex/generic/kastrup/binhex.tex)
\c@zf@newff=\count162
\c@zf@index=\count163
\c@zf@script=\count164
\c@zf@language=\count165
\l_fontspec_strnum_int=\count166

(/usr/share/texmf/tex/latex/xkeyval/xkeyval.sty
Package: xkeyval 2008/08/13 v2.6a package option processing (HA)

(/usr/share/texmf/tex/generic/xkeyval/xkeyval.tex
\XKV@toks=\toks42
\XKV@tempa@toks=\toks43
\XKV@depth=\count167
File: xkeyval.tex 2008/08/13 v2.6a key=value parser (HA)
))
(/usr/share/texmf/tex/latex/fontspec/fontspec-patches.sty
Package: fontspec-patches 2010/07/14 v2.0b Advanced font selection for XeLaTeX/
LuaLaTeX

(/usr/share/texmf/tex/latex/base/fixltx2e.sty
Package: fixltx2e 2006/09/13 v1.1m fixes to LaTeX
LaTeX Info: Redefining \em on input line 420.
LaTeX Info: The control sequence `\[' is already robust on input line 471.
LaTeX Info: The control sequence `\]' is already robust on input line 472.
)
LaTeX Info: Redefining \em on input line 23.
LaTeX Info: Redefining \emph on input line 27.
LaTeX Info: Redefining \- on input line 30.
)
(/usr/share/texmf/tex/latex/base/fontenc.sty
Package: fontenc 2005/09/27 v1.99g Standard LaTeX package

(/usr/share/texmf/tex/latex/euenc/eu1enc.def
File: eu1enc.def 2010/05/27 v0.1g Experimental Unicode font encodings
)
LaTeX Font Info:    Try loading font information for EU1+lmr on input line 100.


(/usr/share/texmf/tex/latex/euenc/eu1lmr.fd
File: eu1lmr.fd 2009/10/30 v1.6 Font defs for Latin Modern
))
 LaTeX Info: Defining document command \fontspec
(LaTeX)  with arg. spec. 'O{}m' on line 264.

 LaTeX Info: Defining document command \setmainfont
(LaTeX)  with arg. spec. 'O{}m' on line 268.

 LaTeX Info: Defining document command \setsansfont
(LaTeX)  with arg. spec. 'O{}m' on line 272.

 LaTeX Info: Defining document command \setmonofont
(LaTeX)  with arg. spec. 'O{}m' on line 276.

 LaTeX Info: Defining document command \setmathrm
(LaTeX)  with arg. spec. 'O{}m' on line 280.

 LaTeX Info: Defining document command \setboldmathrm
(LaTeX)  with arg. spec. 'O{}m' on line 283.

 LaTeX Info: Defining document command \setmathsf
(LaTeX)  with arg. spec. 'O{}m' on line 286.

 LaTeX Info: Defining document command \setmathtt
(LaTeX)  with arg. spec. 'O{}m' on line 289.

 LaTeX Info: Defining document command \newfontfamily
(LaTeX)  with arg. spec. 'mO{}m' on line 304.

 LaTeX Info: Defining document command \newfontface
(LaTeX)  with arg. spec. 'mO{}m' on line 307.

 LaTeX Info: Defining document command \defaultfontfeatures
(LaTeX)  with arg. spec. 'm' on line 308.

 LaTeX Info: Defining document command \addfontfeatures
(LaTeX)  with arg. spec. 'm' on line 325.

 LaTeX Info: Defining document command \newfontfeature
(LaTeX)  with arg. spec. 'mm' on line 334.

 LaTeX Info: Defining document command \newAATfeature
(LaTeX)  with arg. spec. 'mmmm' on line 343.

 LaTeX Info: Defining document command \newICUfeature
(LaTeX)  with arg. spec. 'mmm' on line 352.

 LaTeX Info: Defining document command \aliasfontfeature
(LaTeX)  with arg. spec. 'mm' on line 354.

 LaTeX Info: Defining document command \aliasfontfeatureoption
(LaTeX)  with arg. spec. 'mmm' on line 357.

 LaTeX Info: Defining document command \newfontscript
(LaTeX)  with arg. spec. 'mm' on line 362.

 LaTeX Info: Defining document command \newfontlanguage
(LaTeX)  with arg. spec. 'mm' on line 379.

 LaTeX Info: Defining document command \DeclareFontsExtensions
(LaTeX)  with arg. spec. 'm' on line 395.

\c@fontspec_tmp_int=\count168
LaTeX Info: Redefining \itshape on input line 1903.
LaTeX Info: Redefining \slshape on input line 1907.
LaTeX Info: Redefining \scshape on input line 1911.
LaTeX Info: Redefining \upshape on input line 1915.

fontspec.cfg loaded.
(/usr/share/texmf/tex/latex/fontspec/fontspec.cfg))
\xeCJK@cnta=\count169
\xeCJK@cntb=\count170
\xeCJK@cntc=\count171
\xeCJK@cntd=\count172
\xeCJK@cnte=\count173
\xeCJK@dima=\dimen127
LaTeX Info: Redefining \normalfont on input line 779.
LaTeX Info: Redefining \rmfamily on input line 788.
LaTeX Info: Redefining \sffamily on input line 792.
LaTeX Info: Redefining \ttfamily on input line 796.
\xeCJK@featureadded=\count174
)
(/usr/share/texmf/tex/latex/listings/lstlang1.sty
File: lstlang1.sty 2004/09/05 1.3 listings language file
)
(/usr/share/texmf/tex/latex/listings/lstlang1.sty
File: lstlang1.sty 2004/09/05 1.3 listings language file
)
(/usr/share/texmf/tex/latex/listings/lstmisc.sty
File: lstmisc.sty 2007/02/22 1.4 (Carsten Heinz)
)) (./august_源码.aux)
\openout1 = `august_源码.aux'.

LaTeX Font Info:    Checking defaults for OML/cmm/m/it on input line 3.
LaTeX Font Info:    ... okay on input line 3.
LaTeX Font Info:    Checking defaults for T1/cmr/m/n on input line 3.
LaTeX Font Info:    ... okay on input line 3.
LaTeX Font Info:    Checking defaults for OT1/cmr/m/n on input line 3.
LaTeX Font Info:    ... okay on input line 3.
LaTeX Font Info:    Checking defaults for OMS/cmsy/m/n on input line 3.
LaTeX Font Info:    ... okay on input line 3.
LaTeX Font Info:    Checking defaults for OMX/cmex/m/n on input line 3.
LaTeX Font Info:    ... okay on input line 3.
LaTeX Font Info:    Checking defaults for U/cmr/m/n on input line 3.
LaTeX Font Info:    ... okay on input line 3.
LaTeX Font Info:    Checking defaults for EU1/lmr/m/n on input line 3.
LaTeX Font Info:    ... okay on input line 3.
\c@lstlisting=\count175
 fontspec Info: Adjusting the maths setup (use [no-math] to avoid this).

\symlegacymaths=\mathgroup4
LaTeX Font Info:    Overwriting symbol font `legacymaths' in version `bold'
(Font)                  OT1/cmr/m/n --> OT1/cmr/bx/n on input line 3.
LaTeX Font Info:    Redeclaring math accent \acute on input line 3.
LaTeX Font Info:    Redeclaring math accent \grave on input line 3.
LaTeX Font Info:    Redeclaring math accent \ddot on input line 3.
LaTeX Font Info:    Redeclaring math accent \tilde on input line 3.
LaTeX Font Info:    Redeclaring math accent \bar on input line 3.
LaTeX Font Info:    Redeclaring math accent \breve on input line 3.
LaTeX Font Info:    Redeclaring math accent \check on input line 3.
LaTeX Font Info:    Redeclaring math accent \hat on input line 3.
LaTeX Font Info:    Redeclaring math accent \dot on input line 3.
LaTeX Font Info:    Redeclaring math accent \mathring on input line 3.
LaTeX Font Info:    Redeclaring math symbol \Gamma on input line 3.
LaTeX Font Info:    Redeclaring math symbol \Delta on input line 3.
LaTeX Font Info:    Redeclaring math symbol \Theta on input line 3.
LaTeX Font Info:    Redeclaring math symbol \Lambda on input line 3.
LaTeX Font Info:    Redeclaring math symbol \Xi on input line 3.
LaTeX Font Info:    Redeclaring math symbol \Pi on input line 3.
LaTeX Font Info:    Redeclaring math symbol \Sigma on input line 3.
LaTeX Font Info:    Redeclaring math symbol \Upsilon on input line 3.
LaTeX Font Info:    Redeclaring math symbol \Phi on input line 3.
LaTeX Font Info:    Redeclaring math symbol \Psi on input line 3.
LaTeX Font Info:    Redeclaring math symbol \Omega on input line 3.
LaTeX Font Info:    Redeclaring math symbol \mathdollar on input line 3.
LaTeX Font Info:    Redeclaring symbol font `operators' on input line 3.
LaTeX Font Info:    Encoding `OT1' has changed to `EU1' for symbol font
(Font)              `operators' in the math version `normal' on input line 3.
LaTeX Font Info:    Overwriting symbol font `operators' in version `normal'
(Font)                  OT1/cmr/m/n --> EU1/lmr/m/n on input line 3.
LaTeX Font Info:    Encoding `OT1' has changed to `EU1' for symbol font
(Font)              `operators' in the math version `bold' on input line 3.
LaTeX Font Info:    Overwriting symbol font `operators' in version `bold'
(Font)                  OT1/cmr/bx/n --> EU1/lmr/m/n on input line 3.
LaTeX Font Info:    Overwriting symbol font `operators' in version `normal'
(Font)                  EU1/lmr/m/n --> EU1/lmr/m/n on input line 3.
LaTeX Font Info:    Overwriting math alphabet `\mathrm' in version `normal'
(Font)                  EU1/lmr/m/n --> EU1/lmr/m/n on input line 3.
LaTeX Font Info:    Overwriting math alphabet `\mathit' in version `normal'
(Font)                  OT1/cmr/m/it --> EU1/lmr/m/it on input line 3.
LaTeX Font Info:    Overwriting math alphabet `\mathbf' in version `normal'
(Font)                  OT1/cmr/bx/n --> EU1/lmr/bx/n on input line 3.
LaTeX Font Info:    Overwriting math alphabet `\mathsf' in version `normal'
(Font)                  OT1/cmss/m/n --> EU1/lmss/m/n on input line 3.
LaTeX Font Info:    Overwriting math alphabet `\mathtt' in version `normal'
(Font)                  OT1/cmtt/m/n --> EU1/lmtt/m/n on input line 3.
LaTeX Font Info:    Overwriting symbol font `operators' in version `bold'
(Font)                  EU1/lmr/m/n --> EU1/lmr/bx/n on input line 3.
LaTeX Font Info:    Overwriting math alphabet `\mathrm' in version `bold'
(Font)                  EU1/lmr/m/n --> EU1/lmr/bx/n on input line 3.
LaTeX Font Info:    Overwriting math alphabet `\mathit' in version `bold'
(Font)                  OT1/cmr/bx/it --> EU1/lmr/bx/it on input line 3.
LaTeX Font Info:    Overwriting math alphabet `\mathsf' in version `bold'
(Font)                  OT1/cmss/bx/n --> EU1/lmss/bx/n on input line 3.
LaTeX Font Info:    Overwriting math alphabet `\mathtt' in version `bold'
(Font)                  OT1/cmtt/m/n --> EU1/lmtt/bx/n on input line 3.
 fontspec Info: Font WenQuanYi Zen Hei does not contain any OpenType `Script' i
nformation.

\c@zf@famc@WenQuanYi Zen Hei=\count176
 fontspec Info: Defining font family for 'WenQuanYi Zen Hei' with options [].

Package fontspec Info: Defining shape m/n with raw font features:
(fontspec)             .
 fontspec Info: Could not resolve font WenQuanYi Zen Hei/B (it probably doesn't
 exist).

 fontspec Info: Could not resolve font WenQuanYi Zen Hei/I (it probably doesn't
 exist).

 fontspec Info: Could not resolve font WenQuanYi Zen Hei/BI (it probably doesn'
t exist).

 fontspec Info: Font WenQuanYi Zen Hei does not contain any OpenType `Script' i
nformation.

 fontspec Info: Font WenQuanYi Zen Hei does not contain any OpenType `Script' i
nformation.


[1

] (./august_源码.toc)
\tf@toc=\write3
\openout3 = `august_源码.toc'.

 [2] [3] (./august_源码.aux)

 *File List*
/home/asenal/RD/Tex/article_template.tex
 article.cls    2007/10/19 v1.4h Standard LaTeX document class
  size10.clo    2007/10/19 v1.4h Standard LaTeX file (size option)
 amsmath.sty    2000/07/18 v2.13 AMS math features
 amstext.sty    2000/06/29 v2.01
  amsgen.sty    1999/11/30 v2.0
  amsbsy.sty    1999/11/29 v1.2d
  amsopn.sty    1999/12/14 v2.01 operator names
  xcolor.sty    2007/01/21 v2.11 LaTeX color extensions (UK)
   color.cfg    2007/01/18 v1.5 color configuration of teTeX/TeXLive
   xetex.def    2009/11/22 v0.94 LaTeX color/graphics driver for XeTeX (RRM/JK)

  svgnam.def    2007/01/21 v2.11 Predefined colors according to SVG 1.1 (UK)
graphicx.sty    1999/02/16 v1.0f Enhanced LaTeX Graphics (DPC,SPQR)
  keyval.sty    1999/03/16 v1.13 key=value parser (DPC)
graphics.sty    2009/02/05 v1.0o Standard LaTeX Graphics (DPC,SPQR)
    trig.sty    1999/03/16 v1.09 sin cos tan (DPC)
graphics.cfg    2010/04/23 v1.9 graphics configuration of TeX Live
listings.sty    2007/02/22 1.4 (Carsten Heinz)
 lstmisc.sty    2007/02/22 1.4 (Carsten Heinz)
listings.cfg    2007/02/22 1.4 listings configuration
   xeCJK.sty    2010/05/31 2.3.15 package for typesetting CJK scripts with XeLa
TeX
 ifxetex.sty    2009/01/23 v0.5 Provides ifxetex conditional
fontspec.sty    2010/07/14 v2.0b Advanced font selection for XeLaTeX/LuaLaTeX
   expl3.sty    2010/07/13 v1982 L3 Experimental code bundle wrapper
 l3names.sty    2010/07/11 v1981 L3 Experimental Naming Scheme for TeX Primitiv
es
    etex.sty    1998/03/26 v2.0 eTeX basic definition package (PEB)
l3basics.sty    2010/06/07 v1942 L3 Experimental basic definitions
 l3expan.sty    2010/06/10 v1948 L3 Experimental Argument Expansion module
    l3tl.sty    2010/05/22 v1919 L3 Experimental Token Lists
l3intexpr.sty    2010/06/15 v1957 L3 Integer Expressions
 l3quark.sty    2010/03/21 v1853 L3 Experimental Quark Commands
   l3seq.sty    2010/03/29 v1879 L3 Experimental sequences and stacks
  l3toks.sty    2010/05/25 v1933 L3 Experimental Token Registers
   l3int.sty    2010/05/25 v1933 L3 Experimental Integer module
   l3prg.sty    2010/03/21 v1853 L3 Experimental control structures
 l3clist.sty    2010/03/29 v1878 L3 Experimental comma separated lists
 l3token.sty    2010/04/11 v1890 L3 Experimental token investigation and manipu
lation
  l3prop.sty    2010/03/21 v1857 L3 Experimental Property Lists
   l3msg.sty    2010/03/23 v1866 L3 Experimental LaTeX Messages module
    l3io.sty    2010/05/22 v1923 L3 Experimental i/o module
  l3skip.sty    2010/05/25 v1933 L3 Experimental skip registers
   l3box.sty    2010/05/22 v1919 L3 Experimental Box module
l3keyval.sty    2010/04/11 v1890 L3 Experimental keyval processing
  l3keys.sty    2010/05/24 v1931 L3 Experimental key-value support
l3precom.sty    2010/02/09 v1793 L3 Experimental precompilation module
  l3xref.sty    2010/02/09 v1786 L3 Experimental cross referencing
  l3file.sty    2010/03/21 v1853 L3 Experimental file loading
    l3fp.sty    2010/07/08 v1979 L3 Experimental floating-point operations
    calc.sty    2007/08/22 v4.3 Infix arithmetic (KKT,FJ)
  xparse.sty    2010/05/23 v1927 Generic document command parser
 xkeyval.sty    2008/08/13 v2.6a package option processing (HA)
 xkeyval.tex    2008/08/13 v2.6a key=value parser (HA)
fontspec-patches.sty    2010/07/14 v2.0b Advanced font selection for XeLaTeX/Lu
aLaTeX
fixltx2e.sty    2006/09/13 v1.1m fixes to LaTeX
 fontenc.sty
  eu1enc.def    2010/05/27 v0.1g Experimental Unicode font encodings
  eu1lmr.fd    2009/10/30 v1.6 Font defs for Latin Modern
fontspec.cfg
lstlang1.sty    2004/09/05 1.3 listings language file
lstlang1.sty    2004/09/05 1.3 listings language file
 lstmisc.sty    2007/02/22 1.4 (Carsten Heinz)
 ***********

 ) 
Here is how much of TeX's memory you used:
 10275 strings out of 494542
 178241 string characters out of 3163577
 280794 words of memory out of 3500000
 13367 multiletter control sequences out of 15000+200000
 8542 words of font info for 47 fonts, out of 3000000 for 9000
 669 hyphenation exceptions out of 8191
 49i,6n,97p,569b,300s stack positions out of 5000i,500n,10000p,200000b,50000s

Output written on august_源码.pdf (3 pages).
