the 1 seed:
$VAR1 = '0.179829553489583';
$VAR2 = '0.0443522989401987';
$VAR3 = '0.00406393758341937';
$VAR4 = '0.000263642336872271';
$VAR5 = '1.53597157117574e-05';
$VAR6 = '8.7366199494012e-07';
$VAR7 = '4.94843319561011e-08';
$VAR8 = '2.79949091974795e-09';

transProbs
$VAR1 = [
          '0.868027230385605',
          '6.36425132051703e-06'
        ];
$VAR2 = [
          '3.02662603661425e-06',
          '0.942183207094494'
        ];
emissProbs
$VAR1 = [
          '1.65152716009915e-117',
          1
        ];
$VAR2 = [
          '0.999988532603777',
          '1.1467396217966e-05'
        ];
the 1 seed:
$VAR1 = '0.0503391725083548';
$VAR2 = '0.0630495746902537';
$VAR3 = '0.0183712584244275';
$VAR4 = '0.0018410500091247';
$VAR5 = '0.000744685517051868';
$VAR6 = '0.000529477527392933';
$VAR7 = '1.98813338467704e-05';
$VAR8 = '1.89549274048071e-07';
$VAR9 = '1.88075934012973e-09';

transProbs
$VAR1 = [
          '0.849853169839159',
          '2.01723204213552e-07'
        ];
$VAR2 = [
          '1.44767060506826e-07',
          '0.898032891548504'
        ];
emissProbs
$VAR1 = [
          '0.999999826870536',
          '1.73129446629832e-07'
        ];
$VAR2 = [
          '2.47731747623799e-09',
          '0.999999997522707'
        ];
the 1 seed:
$VAR1 = '0.000386452726036338';
$VAR2 = '0.00581029281946823';
$VAR3 = '0.0478316887262005';
$VAR4 = '0.0755901362402123';
$VAR5 = '0.0328381885840728';
$VAR6 = '0.00224583615043417';
$VAR7 = '1.76919888639417e-05';
$VAR8 = '2.53800887336678e-07';
$VAR9 = '2.90709425282732e-10';

transProbs
$VAR1 = [
          '0.636366224415473',
          '1.79578857559749e-11'
        ];
$VAR2 = [
          '1.8186661198329e-11',
          '0.624999969011703'
        ];
emissProbs
$VAR1 = [
          '4.35880389398979e-56',
          1
        ];
$VAR2 = [
          '1',
          '2.76463552539952e-16'
        ];
the 1 seed:
$VAR1 = '0.1326285467057';
$VAR2 = '0.0182201832458994';
$VAR3 = '0.0213314742190284';
$VAR4 = '0.0113587713746012';
$VAR5 = '0.00154143225574215';
$VAR6 = '0.00452362857634191';
$VAR7 = '0.00618804427240523';
$VAR8 = '0.00255648828004897';
$VAR9 = '0.000206933249624446';
$VAR10 = '5.50090555576889e-06';

transProbs
$VAR1 = [
          '3.73007076998858e-18',
          '9.27262583141656e-13'
        ];
$VAR2 = [
          '2.00950651753217e-09',
          '0.666626923346874'
        ];
emissProbs
$VAR1 = [
          '5.58937668119257e-21',
          '1'
        ];
$VAR2 = [
          '0.999999999999968',
          '3.34833855303088e-280'
        ];
the 1 seed:
$VAR1 = '0.0952060390427204';
$VAR2 = '0.0286533633550122';
$VAR3 = '0.00514297361850501';
$VAR4 = '0.00076351656449917';
$VAR5 = '0.000136954882260871';
$VAR6 = '4.80979297808212e-05';
$VAR7 = '2.57335085817941e-05';
$VAR8 = '1.81258506469662e-05';
$VAR9 = '1.42983842963828e-05';
$VAR10 = '1.1658199607079e-05';

transProbs
$VAR1 = [
          '1.87462809344123e-07',
          '0.999691683810949'
        ];
$VAR2 = [
          '0.0239813193175023',
          '0.976022277215676'
        ];
emissProbs
$VAR1 = [
          '1',
          '1.86727350575656e-94'
        ];
$VAR2 = [
          '0.999856242254786',
          '0.000143757745214296'
        ];
the 1 seed:
$VAR1 = '0.439464356044285';
$VAR2 = '0.27594442282545';
$VAR3 = '0.045629572240347';
$VAR4 = '0.000360484549571021';
$VAR5 = '2.11100123044244e-08';
$VAR6 = '9.28397699104222e-16';

transProbs
$VAR1 = [
          '0.499999999999743',
          '2.5426529868403e-13'
        ];
$VAR2 = [
          '1.38107716170127e-27',
          '0.999999999999995'
        ];
emissProbs
$VAR1 = [
          '0.999999999999996',
          '1.26847770057885e-51'
        ];
$VAR2 = [
          '2.58603729533659e-25',
          '1'
        ];
